2022-01-18 11:38:43,001  INFO [main] CarBookingRunner:14 - URL Opened
2022-01-18 11:38:44,688  INFO [main] CarBookingRunner:14 - Page opend with title Book Outstation Cabs, Local & Airport Taxi Service - India's Leading Car Rentals
2022-01-18 11:38:50,709  INFO [main] CarBookingRunner:14 - URL Opened
2022-01-18 11:38:52,172  INFO [main] CarBookingRunner:14 - Log In Button is clicked in page Home Page
2022-01-18 11:38:57,802  INFO [main] CarBookingRunner:14 - Email field is send in page Account Log in
2022-01-18 11:38:58,382  INFO [main] CarBookingRunner:14 - password field is send in page Account Log in
2022-01-18 11:38:59,093  INFO [main] CarBookingRunner:14 - sign in button is clicked in page Account Log in
2022-01-18 11:39:04,626  INFO [main] CarBookingRunner:14 - Successfully logged in
2022-01-18 11:39:10,563  INFO [main] CarBookingRunner:14 - URL Opened
2022-01-18 11:39:11,895  INFO [main] CarBookingRunner:14 - Log In Button is clicked in page Home Page
2022-01-18 11:39:17,491  INFO [main] CarBookingRunner:14 - Email field is send in page Account Log in
2022-01-18 11:39:18,030  INFO [main] CarBookingRunner:14 - password field is send in page Account Log in
2022-01-18 11:39:18,786  INFO [main] CarBookingRunner:14 - sign in button is clicked in page Account Log in
2022-01-18 11:39:24,414  INFO [main] CarBookingRunner:14 - Successfully logged in
2022-01-18 11:39:25,364  INFO [main] CarBookingRunner:14 - Log In Button is clicked in page Home Page
2022-01-18 11:39:31,422  INFO [main] CarBookingRunner:14 - List of Bookings is clicked in page View Bookings
2022-01-18 11:39:32,196  INFO [main] CarBookingRunner:14 - Successfully opened View Bookings page
2022-01-18 11:39:36,823  INFO [main] CarBookingRunner:14 - URL Opened
2022-01-18 11:39:37,930  INFO [main] CarBookingRunner:14 - Log In Button is clicked in page Home Page
2022-01-18 11:39:43,759  INFO [main] CarBookingRunner:14 - Register Button is clicked in page User Register
2022-01-18 11:39:44,273  INFO [main] CarBookingRunner:14 - Name Field is send in page User Register
2022-01-18 11:39:44,786  INFO [main] CarBookingRunner:14 - Mobile Number Field is send in page User Register
2022-01-18 11:39:45,330  INFO [main] CarBookingRunner:14 - Email Field is send in page User Register
2022-01-18 11:39:45,874  INFO [main] CarBookingRunner:14 - password field is send in page User Register
2022-01-18 11:39:46,389  INFO [main] CarBookingRunner:14 - Retype password field is send in page User Register
2022-01-18 11:39:47,169  INFO [main] CarBookingRunner:14 - Register Button is clicked in page Account Log in
2022-01-18 11:39:52,844  INFO [main] CarBookingRunner:14 - Successfully Registered
2022-01-18 11:39:58,167  INFO [main] CarBookingRunner:14 - URL Opened
2022-01-18 11:39:59,366  INFO [main] CarBookingRunner:14 - About Us page is clicked in page Home Page
2022-01-18 11:40:01,762  INFO [main] CarBookingRunner:14 - CEO name validated
2022-01-18 11:40:06,525  INFO [main] CarBookingRunner:14 - URL Opened
2022-01-18 11:40:07,646  INFO [main] CarBookingRunner:14 - Select Airport Tab is clicked in page Home Page
2022-01-18 11:40:08,499  INFO [main] CarBookingRunner:14 - Select City is send in page Home Page
2022-01-18 11:40:09,431  INFO [main] CarBookingRunner:14 - Trip type is clicked in page Airport Taxi Booking
2022-01-18 11:40:10,289  INFO [main] CarBookingRunner:14 - Address Field is send in page Airport Taxi Booking
2022-01-18 11:40:13,376  INFO [main] CarBookingRunner:14 - Date Field is clicked in page Airport Taxi Booking
2022-01-18 11:40:17,538  INFO [main] CarBookingRunner:14 - click on select car is clicked in page Airport Taxi Booking
2022-01-18 11:40:17,820  INFO [main] CarBookingRunner:14 - Successfully opened Airport Taxi Booking Page
2022-01-18 11:40:23,022  INFO [main] CarBookingRunner:14 - URL Opened
2022-01-18 11:40:24,313  INFO [main] CarBookingRunner:14 - Select sitemap Link is clicked in page Home Page
2022-01-18 11:40:27,014  INFO [main] CarBookingRunner:14 - Select cab Types Link is clicked in page sitemap page
2022-01-18 11:40:29,421  INFO [main] CarBookingRunner:14 - Successfully accessed cab types page
2022-01-18 11:40:34,485  INFO [main] CarBookingRunner:14 - URL Opened
2022-01-18 11:40:35,729  INFO [main] CarBookingRunner:14 - Contact Us page is clicked in page Home Page
2022-01-18 11:40:41,229  INFO [main] CarBookingRunner:14 - Contact Us page validated
2022-01-18 11:40:46,535  INFO [main] CarBookingRunner:14 - URL Opened
2022-01-18 11:40:47,620  INFO [main] CarBookingRunner:14 - Select Local City Tab is clicked in page Home Page
2022-01-18 11:40:48,534  INFO [main] CarBookingRunner:14 - Select City is send in page Home Page
2022-01-18 11:40:49,515  INFO [main] CarBookingRunner:14 - Date Field is clicked in page Local Car Booking
2022-01-18 11:40:53,699  INFO [main] CarBookingRunner:14 - click on select car is clicked in page Local Taxi Booking
2022-01-18 11:40:53,925  INFO [main] CarBookingRunner:14 - Successfully opened Local Taxi Booking Page
2022-01-18 11:40:58,680  INFO [main] CarBookingRunner:14 - URL Opened
2022-01-18 11:40:59,617  INFO [main] CarBookingRunner:14 - Source city is send in page Home Page
2022-01-18 11:41:00,547  INFO [main] CarBookingRunner:14 - Destination City is send in page Home Page
2022-01-18 11:41:01,549  INFO [main] CarBookingRunner:14 - Date Field is clicked in page Onw way Booking
2022-01-18 11:41:03,667  INFO [main] CarBookingRunner:14 - click on select car is clicked in page One way Booking
2022-01-18 11:41:03,907  INFO [main] CarBookingRunner:14 - Successfully opened one way booking page
2022-01-18 11:41:08,712  INFO [main] CarBookingRunner:14 - URL Opened
2022-01-18 11:41:09,862  INFO [main] CarBookingRunner:14 - Select Round Trip is clicked in page Home Page
2022-01-18 11:41:10,768  INFO [main] CarBookingRunner:14 - Source city is send in page Home Page
2022-01-18 11:41:11,672  INFO [main] CarBookingRunner:14 - Destination City is send in page Home Page
2022-01-18 11:41:12,802  INFO [main] CarBookingRunner:14 - Date Field is clicked in page Round Trip
2022-01-18 11:41:16,834  INFO [main] CarBookingRunner:14 - Date Field is clicked in page Round Trip
2022-01-18 11:41:20,924  INFO [main] CarBookingRunner:14 - click on select car is clicked in page RoundTrip Taxi Booking
2022-01-18 11:41:21,147  INFO [main] CarBookingRunner:14 - Successfully opened RoundTrip Taxi Booking Page
2022-01-18 11:41:26,145  INFO [main] CarBookingRunner:14 - URL Opened
2022-01-18 11:41:27,153  INFO [main] CarBookingRunner:14 - Travel Agent is clicked in page Home Page
2022-01-18 11:41:29,273  INFO [main] CarBookingRunner:14 - Register is clicked in page Travel Agent Page
2022-01-18 11:41:29,550  INFO [main] CarBookingRunner:14 - Successfully opened travel agent page
