2022-01-16 22:30:33,382  INFO [main] CarBookingRunner:14 - URL Opened
2022-01-16 22:30:35,289  INFO [main] CarBookingRunner:14 - Page opend with title Book Outstation Cabs, Local & Airport Taxi Service - India's Leading Car Rentals
2022-01-16 22:30:42,057  INFO [main] CarBookingRunner:14 - URL Opened
2022-01-16 22:30:43,391  INFO [main] CarBookingRunner:14 - Log In Button is clicked in page Home Page
2022-01-16 22:30:49,136  INFO [main] CarBookingRunner:14 - Email field is send in page Account Log in
2022-01-16 22:30:49,688  INFO [main] CarBookingRunner:14 - password field is send in page Account Log in
2022-01-16 22:30:50,449  INFO [main] CarBookingRunner:14 - sign in button is clicked in page Account Log in
2022-01-16 22:30:56,028  INFO [main] CarBookingRunner:14 - Successfully logged in
2022-01-16 22:31:01,957  INFO [main] CarBookingRunner:14 - URL Opened
2022-01-16 22:31:03,302  INFO [main] CarBookingRunner:14 - Log In Button is clicked in page Home Page
2022-01-16 22:31:08,927  INFO [main] CarBookingRunner:14 - Email field is send in page Account Log in
2022-01-16 22:31:09,562  INFO [main] CarBookingRunner:14 - password field is send in page Account Log in
2022-01-16 22:31:10,464  INFO [main] CarBookingRunner:14 - sign in button is clicked in page Account Log in
2022-01-16 22:31:16,175  INFO [main] CarBookingRunner:14 - Successfully logged in
2022-01-16 22:31:17,262  INFO [main] CarBookingRunner:14 - Log In Button is clicked in page Home Page
2022-01-16 22:31:23,406  INFO [main] CarBookingRunner:14 - List of Bookings is clicked in page View Bookings
2022-01-16 22:31:24,339  INFO [main] CarBookingRunner:14 - Successfully opened View Bookings page
2022-01-16 22:31:29,491  INFO [main] CarBookingRunner:14 - URL Opened
2022-01-16 22:31:30,631  INFO [main] CarBookingRunner:14 - Log In Button is clicked in page Home Page
2022-01-16 22:31:36,492  INFO [main] CarBookingRunner:14 - Register Button is clicked in page User Register
2022-01-16 22:31:37,038  INFO [main] CarBookingRunner:14 - Name Field is send in page User Register
2022-01-16 22:31:37,630  INFO [main] CarBookingRunner:14 - Mobile Number Field is send in page User Register
2022-01-16 22:31:38,204  INFO [main] CarBookingRunner:14 - Email Field is send in page User Register
2022-01-16 22:31:38,637  INFO [main] CarBookingRunner:14 - password field is send in page User Register
2022-01-16 22:31:39,207  INFO [main] CarBookingRunner:14 - Retype password field is send in page User Register
2022-01-16 22:31:40,049  INFO [main] CarBookingRunner:14 - Register Button is clicked in page Account Log in
2022-01-16 22:31:45,725 ERROR [main] CarBookingRunner:21 - Registration failed
2022-01-16 22:31:51,269  INFO [main] CarBookingRunner:14 - URL Opened
2022-01-16 22:31:52,661  INFO [main] CarBookingRunner:14 - About Us page is clicked in page Home Page
2022-01-16 22:31:55,126  INFO [main] CarBookingRunner:14 - CEO name validated
2022-01-16 22:32:00,291  INFO [main] CarBookingRunner:14 - URL Opened
2022-01-16 22:32:01,579  INFO [main] CarBookingRunner:14 - Select Airport Tab is clicked in page Home Page
2022-01-16 22:32:02,745  INFO [main] CarBookingRunner:14 - Select City is send in page Home Page
2022-01-16 22:32:03,879  INFO [main] CarBookingRunner:14 - Trip type is clicked in page Airport Taxi Booking
2022-01-16 22:32:04,842  INFO [main] CarBookingRunner:14 - Address Field is send in page Airport Taxi Booking
2022-01-16 22:32:07,919  INFO [main] CarBookingRunner:14 - Date Field is clicked in page Airport Taxi Booking
2022-01-16 22:32:12,620  INFO [main] CarBookingRunner:14 - click on select car is clicked in page Airport Taxi Booking
2022-01-16 22:32:12,898  INFO [main] CarBookingRunner:14 - Successfully opened Airport Taxi Booking Page
2022-01-16 22:32:17,974  INFO [main] CarBookingRunner:14 - URL Opened
2022-01-16 22:32:19,416  INFO [main] CarBookingRunner:14 - Select sitemap Link is clicked in page Home Page
2022-01-16 22:32:22,160  INFO [main] CarBookingRunner:14 - Select cab Types Link is clicked in page sitemap page
2022-01-16 22:32:24,539  INFO [main] CarBookingRunner:14 - Successfully accessed cab types page
2022-01-16 22:32:29,964  INFO [main] CarBookingRunner:14 - URL Opened
2022-01-16 22:32:31,319  INFO [main] CarBookingRunner:14 - Contact Us page is clicked in page Home Page
2022-01-16 22:32:36,770  INFO [main] CarBookingRunner:14 - Contact Us page validated
2022-01-16 22:32:42,477  INFO [main] CarBookingRunner:14 - URL Opened
2022-01-16 22:32:43,925  INFO [main] CarBookingRunner:14 - Select Local City Tab is clicked in page Home Page
2022-01-16 22:32:45,125  INFO [main] CarBookingRunner:14 - Select City is send in page Home Page
2022-01-16 22:32:46,353  INFO [main] CarBookingRunner:14 - Date Field is clicked in page Local Car Booking
2022-01-16 22:32:51,145  INFO [main] CarBookingRunner:14 - click on select car is clicked in page Local Taxi Booking
2022-01-16 22:32:51,378  INFO [main] CarBookingRunner:14 - Successfully opened Local Taxi Booking Page
2022-01-16 22:32:56,657  INFO [main] CarBookingRunner:14 - URL Opened
2022-01-16 22:32:57,864  INFO [main] CarBookingRunner:14 - Source city is send in page Home Page
2022-01-16 22:32:58,957  INFO [main] CarBookingRunner:14 - Destination City is send in page Home Page
2022-01-16 22:33:00,235  INFO [main] CarBookingRunner:14 - Date Field is clicked in page Onw way Booking
2022-01-16 22:33:02,469  INFO [main] CarBookingRunner:14 - click on select car is clicked in page One way Booking
2022-01-16 22:33:02,748  INFO [main] CarBookingRunner:14 - Successfully opened one way booking page
2022-01-16 22:33:08,156  INFO [main] CarBookingRunner:14 - URL Opened
2022-01-16 22:33:09,471  INFO [main] CarBookingRunner:14 - Select Round Trip is clicked in page Home Page
2022-01-16 22:33:10,558  INFO [main] CarBookingRunner:14 - Source city is send in page Home Page
2022-01-16 22:33:11,627  INFO [main] CarBookingRunner:14 - Destination City is send in page Home Page
2022-01-16 22:33:13,017  INFO [main] CarBookingRunner:14 - Date Field is clicked in page Round Trip
2022-01-16 22:33:17,174  INFO [main] CarBookingRunner:14 - Date Field is clicked in page Round Trip
2022-01-16 22:33:21,850  INFO [main] CarBookingRunner:14 - click on select car is clicked in page RoundTrip Taxi Booking
2022-01-16 22:33:22,125  INFO [main] CarBookingRunner:14 - Successfully opened RoundTrip Taxi Booking Page
2022-01-16 22:33:27,224  INFO [main] CarBookingRunner:14 - URL Opened
2022-01-16 22:33:28,349  INFO [main] CarBookingRunner:14 - Travel Agent is clicked in page Home Page
2022-01-16 22:33:31,315  INFO [main] CarBookingRunner:14 - Register is clicked in page Travel Agent Page
2022-01-16 22:33:31,691  INFO [main] CarBookingRunner:14 - Successfully opened travel agent page
