2022-01-17 22:26:27,820  INFO [main] CarBookingRunner:14 - URL Opened
2022-01-17 22:26:29,793  INFO [main] CarBookingRunner:14 - Page opend with title Book Outstation Cabs, Local & Airport Taxi Service - India's Leading Car Rentals
2022-01-17 22:26:36,630  INFO [main] CarBookingRunner:14 - URL Opened
2022-01-17 22:26:38,070  INFO [main] CarBookingRunner:14 - Log In Button is clicked in page Home Page
2022-01-17 22:26:43,859  INFO [main] CarBookingRunner:14 - Email field is send in page Account Log in
2022-01-17 22:26:44,494  INFO [main] CarBookingRunner:14 - password field is send in page Account Log in
2022-01-17 22:26:45,319  INFO [main] CarBookingRunner:14 - sign in button is clicked in page Account Log in
2022-01-17 22:26:50,971  INFO [main] CarBookingRunner:14 - Successfully logged in
2022-01-17 22:26:57,502  INFO [main] CarBookingRunner:14 - URL Opened
2022-01-17 22:26:58,745  INFO [main] CarBookingRunner:14 - Log In Button is clicked in page Home Page
2022-01-17 22:27:04,483  INFO [main] CarBookingRunner:14 - Email field is send in page Account Log in
2022-01-17 22:27:05,190  INFO [main] CarBookingRunner:14 - password field is send in page Account Log in
2022-01-17 22:27:06,099  INFO [main] CarBookingRunner:14 - sign in button is clicked in page Account Log in
2022-01-17 22:27:11,818  INFO [main] CarBookingRunner:14 - Successfully logged in
2022-01-17 22:27:12,940  INFO [main] CarBookingRunner:14 - Log In Button is clicked in page Home Page
2022-01-17 22:27:19,088  INFO [main] CarBookingRunner:14 - List of Bookings is clicked in page View Bookings
2022-01-17 22:27:20,022  INFO [main] CarBookingRunner:14 - Successfully opened View Bookings page
2022-01-17 22:27:25,799  INFO [main] CarBookingRunner:14 - URL Opened
2022-01-17 22:27:27,151  INFO [main] CarBookingRunner:14 - Log In Button is clicked in page Home Page
2022-01-17 22:27:32,978  INFO [main] CarBookingRunner:14 - Register Button is clicked in page User Register
2022-01-17 22:27:33,533  INFO [main] CarBookingRunner:14 - Name Field is send in page User Register
2022-01-17 22:27:34,107  INFO [main] CarBookingRunner:14 - Mobile Number Field is send in page User Register
2022-01-17 22:27:34,696  INFO [main] CarBookingRunner:14 - Email Field is send in page User Register
2022-01-17 22:27:35,210  INFO [main] CarBookingRunner:14 - password field is send in page User Register
2022-01-17 22:27:35,808  INFO [main] CarBookingRunner:14 - Retype password field is send in page User Register
2022-01-17 22:27:36,569  INFO [main] CarBookingRunner:14 - Register Button is clicked in page Account Log in
2022-01-17 22:27:42,165 ERROR [main] CarBookingRunner:21 - Registration failed
2022-01-17 22:27:48,069  INFO [main] CarBookingRunner:14 - URL Opened
2022-01-17 22:27:49,510  INFO [main] CarBookingRunner:14 - About Us page is clicked in page Home Page
2022-01-17 22:27:51,931  INFO [main] CarBookingRunner:14 - CEO name validated
2022-01-17 22:27:57,270  INFO [main] CarBookingRunner:14 - URL Opened
2022-01-17 22:27:58,626  INFO [main] CarBookingRunner:14 - Select Airport Tab is clicked in page Home Page
2022-01-17 22:27:59,833  INFO [main] CarBookingRunner:14 - Select City is send in page Home Page
2022-01-17 22:28:01,153  INFO [main] CarBookingRunner:14 - Trip type is clicked in page Airport Taxi Booking
2022-01-17 22:28:02,026  INFO [main] CarBookingRunner:14 - Address Field is send in page Airport Taxi Booking
2022-01-17 22:28:05,417  INFO [main] CarBookingRunner:14 - Date Field is clicked in page Airport Taxi Booking
2022-01-17 22:28:09,687  INFO [main] CarBookingRunner:14 - click on select car is clicked in page Airport Taxi Booking
2022-01-17 22:28:09,915  INFO [main] CarBookingRunner:14 - Successfully opened Airport Taxi Booking Page
2022-01-17 22:28:15,260  INFO [main] CarBookingRunner:14 - URL Opened
2022-01-17 22:28:16,549  INFO [main] CarBookingRunner:14 - Select sitemap Link is clicked in page Home Page
2022-01-17 22:28:19,357  INFO [main] CarBookingRunner:14 - Select cab Types Link is clicked in page sitemap page
2022-01-17 22:28:21,740  INFO [main] CarBookingRunner:14 - Successfully accessed cab types page
2022-01-17 22:28:27,356  INFO [main] CarBookingRunner:14 - URL Opened
2022-01-17 22:28:28,759  INFO [main] CarBookingRunner:14 - Contact Us page is clicked in page Home Page
2022-01-17 22:28:34,305  INFO [main] CarBookingRunner:14 - Contact Us page validated
2022-01-17 22:28:40,152  INFO [main] CarBookingRunner:14 - URL Opened
2022-01-17 22:28:41,570  INFO [main] CarBookingRunner:14 - Select Local City Tab is clicked in page Home Page
2022-01-17 22:28:42,700  INFO [main] CarBookingRunner:14 - Select City is send in page Home Page
2022-01-17 22:28:43,869  INFO [main] CarBookingRunner:14 - Date Field is clicked in page Local Car Booking
2022-01-17 22:28:54,735  INFO [main] CarBookingRunner:14 - URL Opened
2022-01-17 22:28:55,949  INFO [main] CarBookingRunner:14 - Source city is send in page Home Page
2022-01-17 22:28:57,042  INFO [main] CarBookingRunner:14 - Destination City is send in page Home Page
2022-01-17 22:28:58,155  INFO [main] CarBookingRunner:14 - Date Field is clicked in page Onw way Booking
2022-01-17 22:29:00,292  INFO [main] CarBookingRunner:14 - click on select car is clicked in page One way Booking
2022-01-17 22:29:00,550  INFO [main] CarBookingRunner:14 - Successfully opened one way booking page
2022-01-17 22:29:06,143  INFO [main] CarBookingRunner:14 - URL Opened
2022-01-17 22:29:07,537  INFO [main] CarBookingRunner:14 - Select Round Trip is clicked in page Home Page
2022-01-17 22:29:08,717  INFO [main] CarBookingRunner:14 - Source city is send in page Home Page
2022-01-17 22:29:09,765  INFO [main] CarBookingRunner:14 - Destination City is send in page Home Page
2022-01-17 22:29:10,894  INFO [main] CarBookingRunner:14 - Date Field is clicked in page Round Trip
2022-01-17 22:29:14,683  INFO [main] CarBookingRunner:14 - Date Field is clicked in page Round Trip
2022-01-17 22:29:18,751  INFO [main] CarBookingRunner:14 - click on select car is clicked in page RoundTrip Taxi Booking
2022-01-17 22:29:18,981  INFO [main] CarBookingRunner:14 - Successfully opened RoundTrip Taxi Booking Page
2022-01-17 22:29:24,593  INFO [main] CarBookingRunner:14 - URL Opened
2022-01-17 22:29:25,922  INFO [main] CarBookingRunner:14 - Travel Agent is clicked in page Home Page
2022-01-17 22:29:28,797  INFO [main] CarBookingRunner:14 - Register is clicked in page Travel Agent Page
2022-01-17 22:29:29,177  INFO [main] CarBookingRunner:14 - Successfully opened travel agent page
