2022-01-16 22:37:35,557  INFO [main] CarBookingRunner:14 - URL Opened
2022-01-16 22:37:37,299  INFO [main] CarBookingRunner:14 - Page opend with title Book Outstation Cabs, Local & Airport Taxi Service - India's Leading Car Rentals
2022-01-16 22:37:43,412  INFO [main] CarBookingRunner:14 - URL Opened
2022-01-16 22:37:44,724  INFO [main] CarBookingRunner:14 - Log In Button is clicked in page Home Page
2022-01-16 22:37:50,512  INFO [main] CarBookingRunner:14 - Email field is send in page Account Log in
2022-01-16 22:37:51,033  INFO [main] CarBookingRunner:14 - password field is send in page Account Log in
2022-01-16 22:37:51,765  INFO [main] CarBookingRunner:14 - sign in button is clicked in page Account Log in
2022-01-16 22:37:57,478  INFO [main] CarBookingRunner:14 - Successfully logged in
2022-01-16 22:38:05,302  INFO [main] CarBookingRunner:14 - URL Opened
2022-01-16 22:38:06,525  INFO [main] CarBookingRunner:14 - Log In Button is clicked in page Home Page
2022-01-16 22:38:12,194  INFO [main] CarBookingRunner:14 - Email field is send in page Account Log in
2022-01-16 22:38:12,681  INFO [main] CarBookingRunner:14 - password field is send in page Account Log in
2022-01-16 22:38:13,411  INFO [main] CarBookingRunner:14 - sign in button is clicked in page Account Log in
2022-01-16 22:38:19,092  INFO [main] CarBookingRunner:14 - Successfully logged in
2022-01-16 22:38:20,165  INFO [main] CarBookingRunner:14 - Log In Button is clicked in page Home Page
2022-01-16 22:38:26,271  INFO [main] CarBookingRunner:14 - List of Bookings is clicked in page View Bookings
2022-01-16 22:38:32,159  INFO [main] CarBookingRunner:14 - URL Opened
2022-01-16 22:38:33,461  INFO [main] CarBookingRunner:14 - Log In Button is clicked in page Home Page
2022-01-16 22:38:39,349  INFO [main] CarBookingRunner:14 - Register Button is clicked in page User Register
2022-01-16 22:38:39,923  INFO [main] CarBookingRunner:14 - Name Field is send in page User Register
2022-01-16 22:38:40,391  INFO [main] CarBookingRunner:14 - Mobile Number Field is send in page User Register
2022-01-16 22:38:40,892  INFO [main] CarBookingRunner:14 - Email Field is send in page User Register
2022-01-16 22:38:41,342  INFO [main] CarBookingRunner:14 - password field is send in page User Register
2022-01-16 22:38:41,836  INFO [main] CarBookingRunner:14 - Retype password field is send in page User Register
2022-01-16 22:38:42,674  INFO [main] CarBookingRunner:14 - Register Button is clicked in page Account Log in
2022-01-16 22:38:48,393  INFO [main] CarBookingRunner:14 - Successfully Registered
2022-01-16 22:38:54,087  INFO [main] CarBookingRunner:14 - URL Opened
2022-01-16 22:38:55,577  INFO [main] CarBookingRunner:14 - About Us page is clicked in page Home Page
2022-01-16 22:38:58,063  INFO [main] CarBookingRunner:14 - CEO name validated
2022-01-16 22:39:02,944  INFO [main] CarBookingRunner:14 - URL Opened
2022-01-16 22:39:04,027  INFO [main] CarBookingRunner:14 - Select Airport Tab is clicked in page Home Page
2022-01-16 22:39:05,035  INFO [main] CarBookingRunner:14 - Select City is send in page Home Page
2022-01-16 22:39:06,263  INFO [main] CarBookingRunner:14 - Trip type is clicked in page Airport Taxi Booking
2022-01-16 22:39:07,306  INFO [main] CarBookingRunner:14 - Address Field is send in page Airport Taxi Booking
2022-01-16 22:39:10,521  INFO [main] CarBookingRunner:14 - Date Field is clicked in page Airport Taxi Booking
2022-01-16 22:39:15,148  INFO [main] CarBookingRunner:14 - click on select car is clicked in page Airport Taxi Booking
2022-01-16 22:39:15,416  INFO [main] CarBookingRunner:14 - Successfully opened Airport Taxi Booking Page
2022-01-16 22:39:20,546  INFO [main] CarBookingRunner:14 - URL Opened
2022-01-16 22:39:21,922  INFO [main] CarBookingRunner:14 - Select sitemap Link is clicked in page Home Page
2022-01-16 22:39:24,644  INFO [main] CarBookingRunner:14 - Select cab Types Link is clicked in page sitemap page
2022-01-16 22:39:27,041  INFO [main] CarBookingRunner:14 - Successfully accessed cab types page
2022-01-16 22:39:33,456  INFO [main] CarBookingRunner:14 - URL Opened
2022-01-16 22:39:34,825  INFO [main] CarBookingRunner:14 - Contact Us page is clicked in page Home Page
2022-01-16 22:39:40,358  INFO [main] CarBookingRunner:14 - Contact Us page validated
2022-01-16 22:39:45,920  INFO [main] CarBookingRunner:14 - URL Opened
2022-01-16 22:39:47,086  INFO [main] CarBookingRunner:14 - Select Local City Tab is clicked in page Home Page
2022-01-16 22:39:48,107  INFO [main] CarBookingRunner:14 - Select City is send in page Home Page
2022-01-16 22:39:49,262  INFO [main] CarBookingRunner:14 - Date Field is clicked in page Local Car Booking
2022-01-16 22:39:53,584  INFO [main] CarBookingRunner:14 - click on select car is clicked in page Local Taxi Booking
2022-01-16 22:39:53,806  INFO [main] CarBookingRunner:14 - Successfully opened Local Taxi Booking Page
2022-01-16 22:39:58,813  INFO [main] CarBookingRunner:14 - URL Opened
2022-01-16 22:40:00,156  INFO [main] CarBookingRunner:14 - Source city is send in page Home Page
2022-01-16 22:40:01,271  INFO [main] CarBookingRunner:14 - Destination City is send in page Home Page
2022-01-16 22:40:02,525  INFO [main] CarBookingRunner:14 - Date Field is clicked in page Onw way Booking
2022-01-16 22:40:05,400  INFO [main] CarBookingRunner:14 - click on select car is clicked in page One way Booking
2022-01-16 22:40:05,708  INFO [main] CarBookingRunner:14 - Successfully opened one way booking page
2022-01-16 22:40:10,816  INFO [main] CarBookingRunner:14 - URL Opened
2022-01-16 22:40:12,096  INFO [main] CarBookingRunner:14 - Select Round Trip is clicked in page Home Page
2022-01-16 22:40:13,041  INFO [main] CarBookingRunner:14 - Source city is send in page Home Page
2022-01-16 22:40:14,012  INFO [main] CarBookingRunner:14 - Destination City is send in page Home Page
2022-01-16 22:40:15,445  INFO [main] CarBookingRunner:14 - Date Field is clicked in page Round Trip
2022-01-16 22:40:20,110  INFO [main] CarBookingRunner:14 - Date Field is clicked in page Round Trip
2022-01-16 22:40:24,716  INFO [main] CarBookingRunner:14 - click on select car is clicked in page RoundTrip Taxi Booking
2022-01-16 22:40:25,058  INFO [main] CarBookingRunner:14 - Successfully opened RoundTrip Taxi Booking Page
2022-01-16 22:40:30,085  INFO [main] CarBookingRunner:14 - URL Opened
2022-01-16 22:40:31,206  INFO [main] CarBookingRunner:14 - Travel Agent is clicked in page Home Page
2022-01-16 22:40:34,450  INFO [main] CarBookingRunner:14 - Register is clicked in page Travel Agent Page
2022-01-16 22:40:34,757  INFO [main] CarBookingRunner:14 - Successfully opened travel agent page
