2022-01-17 22:10:25,120  INFO [main] CarBookingRunner:14 - URL Opened
2022-01-17 22:10:26,390  INFO [main] CarBookingRunner:14 - Page opend with title Book Outstation Cabs, Local & Airport Taxi Service - India's Leading Car Rentals
2022-01-17 22:10:35,000  INFO [main] CarBookingRunner:14 - URL Opened
2022-01-17 22:10:36,260  INFO [main] CarBookingRunner:14 - Log In Button is clicked in page Home Page
2022-01-17 22:10:41,811  INFO [main] CarBookingRunner:14 - Email field is send in page Account Log in
2022-01-17 22:10:42,341  INFO [main] CarBookingRunner:14 - password field is send in page Account Log in
2022-01-17 22:10:43,060  INFO [main] CarBookingRunner:14 - sign in button is clicked in page Account Log in
2022-01-17 22:10:48,609  INFO [main] CarBookingRunner:14 - Successfully logged in
2022-01-17 22:10:55,893  INFO [main] CarBookingRunner:14 - URL Opened
2022-01-17 22:10:56,907  INFO [main] CarBookingRunner:14 - Log In Button is clicked in page Home Page
2022-01-17 22:11:02,532  INFO [main] CarBookingRunner:14 - Email field is send in page Account Log in
2022-01-17 22:11:03,045  INFO [main] CarBookingRunner:14 - password field is send in page Account Log in
2022-01-17 22:11:03,787  INFO [main] CarBookingRunner:14 - sign in button is clicked in page Account Log in
2022-01-17 22:11:09,347  INFO [main] CarBookingRunner:14 - Successfully logged in
2022-01-17 22:11:10,336  INFO [main] CarBookingRunner:14 - Log In Button is clicked in page Home Page
2022-01-17 22:11:16,346  INFO [main] CarBookingRunner:14 - List of Bookings is clicked in page View Bookings
2022-01-17 22:11:17,145  INFO [main] CarBookingRunner:14 - Successfully opened View Bookings page
2022-01-17 22:11:23,774  INFO [main] CarBookingRunner:14 - URL Opened
2022-01-17 22:11:24,853  INFO [main] CarBookingRunner:14 - Log In Button is clicked in page Home Page
2022-01-17 22:11:30,647  INFO [main] CarBookingRunner:14 - Register Button is clicked in page User Register
2022-01-17 22:11:31,113  INFO [main] CarBookingRunner:14 - Name Field is send in page User Register
2022-01-17 22:11:31,612  INFO [main] CarBookingRunner:14 - Mobile Number Field is send in page User Register
2022-01-17 22:11:32,113  INFO [main] CarBookingRunner:14 - Email Field is send in page User Register
2022-01-17 22:11:32,574  INFO [main] CarBookingRunner:14 - password field is send in page User Register
2022-01-17 22:11:33,048  INFO [main] CarBookingRunner:14 - Retype password field is send in page User Register
2022-01-17 22:11:33,772  INFO [main] CarBookingRunner:14 - Register Button is clicked in page Account Log in
2022-01-17 22:11:39,345 ERROR [main] CarBookingRunner:21 - Registration failed
2022-01-17 22:11:44,793  INFO [main] CarBookingRunner:14 - URL Opened
2022-01-17 22:11:46,002  INFO [main] CarBookingRunner:14 - About Us page is clicked in page Home Page
2022-01-17 22:11:48,423  INFO [main] CarBookingRunner:14 - CEO name validated
2022-01-17 22:11:55,324  INFO [main] CarBookingRunner:14 - URL Opened
2022-01-17 22:11:56,354  INFO [main] CarBookingRunner:14 - Select Airport Tab is clicked in page Home Page
2022-01-17 22:11:57,301  INFO [main] CarBookingRunner:14 - Select City is send in page Home Page
2022-01-17 22:11:58,291  INFO [main] CarBookingRunner:14 - Trip type is clicked in page Airport Taxi Booking
2022-01-17 22:11:59,121  INFO [main] CarBookingRunner:14 - Address Field is send in page Airport Taxi Booking
2022-01-17 22:12:02,242  INFO [main] CarBookingRunner:14 - Date Field is clicked in page Airport Taxi Booking
2022-01-17 22:12:14,952  INFO [main] CarBookingRunner:14 - URL Opened
2022-01-17 22:12:15,982  INFO [main] CarBookingRunner:14 - Select sitemap Link is clicked in page Home Page
2022-01-17 22:12:18,675  INFO [main] CarBookingRunner:14 - Select cab Types Link is clicked in page sitemap page
2022-01-17 22:12:21,069  INFO [main] CarBookingRunner:14 - Successfully accessed cab types page
2022-01-17 22:12:26,007  INFO [main] CarBookingRunner:14 - URL Opened
2022-01-17 22:12:27,248  INFO [main] CarBookingRunner:14 - Contact Us page is clicked in page Home Page
2022-01-17 22:12:32,714  INFO [main] CarBookingRunner:14 - Contact Us page validated
2022-01-17 22:12:38,094  INFO [main] CarBookingRunner:14 - URL Opened
2022-01-17 22:12:39,270  INFO [main] CarBookingRunner:14 - Select Local City Tab is clicked in page Home Page
2022-01-17 22:12:40,148  INFO [main] CarBookingRunner:14 - Select City is send in page Home Page
2022-01-17 22:12:41,155  INFO [main] CarBookingRunner:14 - Date Field is clicked in page Local Car Booking
2022-01-17 22:12:49,299  INFO [main] CarBookingRunner:14 - URL Opened
2022-01-17 22:12:50,314  INFO [main] CarBookingRunner:14 - Source city is send in page Home Page
2022-01-17 22:12:51,170  INFO [main] CarBookingRunner:14 - Destination City is send in page Home Page
2022-01-17 22:12:52,046  INFO [main] CarBookingRunner:14 - Date Field is clicked in page Onw way Booking
2022-01-17 22:12:58,052  INFO [main] CarBookingRunner:14 - URL Opened
2022-01-17 22:12:59,173  INFO [main] CarBookingRunner:14 - Select Round Trip is clicked in page Home Page
2022-01-17 22:12:59,959  INFO [main] CarBookingRunner:14 - Source city is send in page Home Page
2022-01-17 22:13:00,972  INFO [main] CarBookingRunner:14 - Destination City is send in page Home Page
2022-01-17 22:13:02,139  INFO [main] CarBookingRunner:14 - Date Field is clicked in page Round Trip
2022-01-17 22:13:05,820  INFO [main] CarBookingRunner:14 - Date Field is clicked in page Round Trip
2022-01-17 22:13:14,321  INFO [main] CarBookingRunner:14 - URL Opened
2022-01-17 22:13:15,503  INFO [main] CarBookingRunner:14 - Travel Agent is clicked in page Home Page
2022-01-17 22:13:18,275  INFO [main] CarBookingRunner:14 - Register is clicked in page Travel Agent Page
2022-01-17 22:13:18,572  INFO [main] CarBookingRunner:14 - Successfully opened travel agent page
