2022-01-16 22:46:35,664  INFO [main] CarBookingRunner:14 - URL Opened
2022-01-16 22:46:37,523  INFO [main] CarBookingRunner:14 - Page opend with title Book Outstation Cabs, Local & Airport Taxi Service - India's Leading Car Rentals
2022-01-16 22:46:46,134  INFO [main] CarBookingRunner:14 - URL Opened
2022-01-16 22:46:47,486  INFO [main] CarBookingRunner:14 - Log In Button is clicked in page Home Page
2022-01-16 22:46:53,208  INFO [main] CarBookingRunner:14 - Email field is send in page Account Log in
2022-01-16 22:46:53,744  INFO [main] CarBookingRunner:14 - password field is send in page Account Log in
2022-01-16 22:46:54,450  INFO [main] CarBookingRunner:14 - sign in button is clicked in page Account Log in
2022-01-16 22:47:00,050  INFO [main] CarBookingRunner:14 - Successfully logged in
2022-01-16 22:47:06,427  INFO [main] CarBookingRunner:14 - URL Opened
2022-01-16 22:47:07,448  INFO [main] CarBookingRunner:14 - Log In Button is clicked in page Home Page
2022-01-16 22:47:13,207  INFO [main] CarBookingRunner:14 - Email field is send in page Account Log in
2022-01-16 22:47:13,703  INFO [main] CarBookingRunner:14 - password field is send in page Account Log in
2022-01-16 22:47:14,421  INFO [main] CarBookingRunner:14 - sign in button is clicked in page Account Log in
2022-01-16 22:47:19,971  INFO [main] CarBookingRunner:14 - Successfully logged in
2022-01-16 22:47:21,076  INFO [main] CarBookingRunner:14 - Log In Button is clicked in page Home Page
2022-01-16 22:47:27,188  INFO [main] CarBookingRunner:14 - List of Bookings is clicked in page View Bookings
2022-01-16 22:47:28,062  INFO [main] CarBookingRunner:14 - Successfully opened View Bookings page
2022-01-16 22:47:34,647  INFO [main] CarBookingRunner:14 - URL Opened
2022-01-16 22:47:35,774  INFO [main] CarBookingRunner:14 - Log In Button is clicked in page Home Page
2022-01-16 22:47:41,610  INFO [main] CarBookingRunner:14 - Register Button is clicked in page User Register
2022-01-16 22:47:42,165  INFO [main] CarBookingRunner:14 - Name Field is send in page User Register
2022-01-16 22:47:42,683  INFO [main] CarBookingRunner:14 - Mobile Number Field is send in page User Register
2022-01-16 22:47:43,189  INFO [main] CarBookingRunner:14 - Email Field is send in page User Register
2022-01-16 22:47:43,663  INFO [main] CarBookingRunner:14 - password field is send in page User Register
2022-01-16 22:47:44,132  INFO [main] CarBookingRunner:14 - Retype password field is send in page User Register
2022-01-16 22:47:44,946  INFO [main] CarBookingRunner:14 - Register Button is clicked in page Account Log in
2022-01-16 22:47:50,675  INFO [main] CarBookingRunner:14 - Successfully Registered
2022-01-16 22:47:57,957  INFO [main] CarBookingRunner:14 - URL Opened
2022-01-16 22:47:59,415  INFO [main] CarBookingRunner:14 - About Us page is clicked in page Home Page
2022-01-16 22:48:01,868  INFO [main] CarBookingRunner:14 - CEO name validated
2022-01-16 22:48:07,494  INFO [main] CarBookingRunner:14 - URL Opened
2022-01-16 22:48:08,750  INFO [main] CarBookingRunner:14 - Select Airport Tab is clicked in page Home Page
2022-01-16 22:48:09,813  INFO [main] CarBookingRunner:14 - Select City is send in page Home Page
2022-01-16 22:48:10,952  INFO [main] CarBookingRunner:14 - Trip type is clicked in page Airport Taxi Booking
2022-01-16 22:48:11,865  INFO [main] CarBookingRunner:14 - Address Field is send in page Airport Taxi Booking
2022-01-16 22:48:15,160  INFO [main] CarBookingRunner:14 - Date Field is clicked in page Airport Taxi Booking
2022-01-16 22:48:19,998  INFO [main] CarBookingRunner:14 - click on select car is clicked in page Airport Taxi Booking
2022-01-16 22:48:20,276  INFO [main] CarBookingRunner:14 - Successfully opened Airport Taxi Booking Page
2022-01-16 22:48:26,209  INFO [main] CarBookingRunner:14 - URL Opened
2022-01-16 22:48:27,573  INFO [main] CarBookingRunner:14 - Select sitemap Link is clicked in page Home Page
2022-01-16 22:48:30,285  INFO [main] CarBookingRunner:14 - Select cab Types Link is clicked in page sitemap page
2022-01-16 22:48:32,698  INFO [main] CarBookingRunner:14 - Successfully accessed cab types page
2022-01-16 22:48:39,151  INFO [main] CarBookingRunner:14 - URL Opened
2022-01-16 22:48:40,383  INFO [main] CarBookingRunner:14 - Contact Us page is clicked in page Home Page
2022-01-16 22:48:46,032  INFO [main] CarBookingRunner:14 - Contact Us page validated
2022-01-16 22:48:51,238  INFO [main] CarBookingRunner:14 - URL Opened
2022-01-16 22:48:52,483  INFO [main] CarBookingRunner:14 - Select Local City Tab is clicked in page Home Page
2022-01-16 22:48:53,568  INFO [main] CarBookingRunner:14 - Select City is send in page Home Page
2022-01-16 22:48:54,784  INFO [main] CarBookingRunner:14 - Date Field is clicked in page Local Car Booking
2022-01-16 22:48:59,354  INFO [main] CarBookingRunner:14 - click on select car is clicked in page Local Taxi Booking
2022-01-16 22:48:59,579  INFO [main] CarBookingRunner:14 - Successfully opened Local Taxi Booking Page
2022-01-16 22:49:05,009  INFO [main] CarBookingRunner:14 - URL Opened
2022-01-16 22:49:06,330  INFO [main] CarBookingRunner:14 - Source city is send in page Home Page
2022-01-16 22:49:07,468  INFO [main] CarBookingRunner:14 - Destination City is send in page Home Page
2022-01-16 22:49:08,762  INFO [main] CarBookingRunner:14 - Date Field is clicked in page Onw way Booking
2022-01-16 22:49:11,182  INFO [main] CarBookingRunner:14 - click on select car is clicked in page One way Booking
2022-01-16 22:49:11,421  INFO [main] CarBookingRunner:14 - Successfully opened one way booking page
2022-01-16 22:49:17,309  INFO [main] CarBookingRunner:14 - URL Opened
2022-01-16 22:49:18,570  INFO [main] CarBookingRunner:14 - Select Round Trip is clicked in page Home Page
2022-01-16 22:49:19,630  INFO [main] CarBookingRunner:14 - Source city is send in page Home Page
2022-01-16 22:49:20,648  INFO [main] CarBookingRunner:14 - Destination City is send in page Home Page
2022-01-16 22:49:21,752  INFO [main] CarBookingRunner:14 - Date Field is clicked in page Round Trip
2022-01-16 22:49:25,434  INFO [main] CarBookingRunner:14 - Date Field is clicked in page Round Trip
2022-01-16 22:49:29,878  INFO [main] CarBookingRunner:14 - click on select car is clicked in page RoundTrip Taxi Booking
2022-01-16 22:49:30,175  INFO [main] CarBookingRunner:14 - Successfully opened RoundTrip Taxi Booking Page
2022-01-16 22:49:36,159  INFO [main] CarBookingRunner:14 - URL Opened
2022-01-16 22:49:37,334  INFO [main] CarBookingRunner:14 - Travel Agent is clicked in page Home Page
2022-01-16 22:49:40,137  INFO [main] CarBookingRunner:14 - Register is clicked in page Travel Agent Page
2022-01-16 22:49:40,439  INFO [main] CarBookingRunner:14 - Successfully opened travel agent page
