2022-01-17 22:20:12,551  INFO [main] CarBookingRunner:14 - URL Opened
2022-01-17 22:20:14,361  INFO [main] CarBookingRunner:14 - Page opend with title Book Outstation Cabs, Local & Airport Taxi Service - India's Leading Car Rentals
2022-01-17 22:20:21,211  INFO [main] CarBookingRunner:14 - URL Opened
2022-01-17 22:20:22,689  INFO [main] CarBookingRunner:14 - Log In Button is clicked in page Home Page
2022-01-17 22:20:28,441  INFO [main] CarBookingRunner:14 - Email field is send in page Account Log in
2022-01-17 22:20:29,176  INFO [main] CarBookingRunner:14 - password field is send in page Account Log in
2022-01-17 22:20:30,088  INFO [main] CarBookingRunner:14 - sign in button is clicked in page Account Log in
2022-01-17 22:20:35,849  INFO [main] CarBookingRunner:14 - Successfully logged in
2022-01-17 22:20:42,087  INFO [main] CarBookingRunner:14 - URL Opened
2022-01-17 22:20:43,257  INFO [main] CarBookingRunner:14 - Log In Button is clicked in page Home Page
2022-01-17 22:20:49,010  INFO [main] CarBookingRunner:14 - Email field is send in page Account Log in
2022-01-17 22:20:49,695  INFO [main] CarBookingRunner:14 - password field is send in page Account Log in
2022-01-17 22:20:50,586  INFO [main] CarBookingRunner:14 - sign in button is clicked in page Account Log in
2022-01-17 22:20:56,338  INFO [main] CarBookingRunner:14 - Successfully logged in
2022-01-17 22:20:57,430  INFO [main] CarBookingRunner:14 - Log In Button is clicked in page Home Page
2022-01-17 22:21:03,599  INFO [main] CarBookingRunner:14 - List of Bookings is clicked in page View Bookings
2022-01-17 22:21:04,538  INFO [main] CarBookingRunner:14 - Successfully opened View Bookings page
2022-01-17 22:21:09,944  INFO [main] CarBookingRunner:14 - URL Opened
2022-01-17 22:21:11,343  INFO [main] CarBookingRunner:14 - Log In Button is clicked in page Home Page
2022-01-17 22:21:17,376  INFO [main] CarBookingRunner:14 - Register Button is clicked in page User Register
2022-01-17 22:21:17,936  INFO [main] CarBookingRunner:14 - Name Field is send in page User Register
2022-01-17 22:21:18,471  INFO [main] CarBookingRunner:14 - Mobile Number Field is send in page User Register
2022-01-17 22:21:19,068  INFO [main] CarBookingRunner:14 - Email Field is send in page User Register
2022-01-17 22:21:19,648  INFO [main] CarBookingRunner:14 - password field is send in page User Register
2022-01-17 22:21:20,292  INFO [main] CarBookingRunner:14 - Retype password field is send in page User Register
2022-01-17 22:21:21,151  INFO [main] CarBookingRunner:14 - Register Button is clicked in page Account Log in
2022-01-17 22:21:26,844  INFO [main] CarBookingRunner:14 - Successfully Registered
2022-01-17 22:21:33,478  INFO [main] CarBookingRunner:14 - URL Opened
2022-01-17 22:21:34,786  INFO [main] CarBookingRunner:14 - About Us page is clicked in page Home Page
2022-01-17 22:21:37,227  INFO [main] CarBookingRunner:14 - CEO name validated
2022-01-17 22:21:42,741  INFO [main] CarBookingRunner:14 - URL Opened
2022-01-17 22:21:44,043  INFO [main] CarBookingRunner:14 - Select Airport Tab is clicked in page Home Page
2022-01-17 22:21:45,078  INFO [main] CarBookingRunner:14 - Select City is send in page Home Page
2022-01-17 22:21:46,328  INFO [main] CarBookingRunner:14 - Trip type is clicked in page Airport Taxi Booking
2022-01-17 22:21:47,219  INFO [main] CarBookingRunner:14 - Address Field is send in page Airport Taxi Booking
2022-01-17 22:21:50,466  INFO [main] CarBookingRunner:14 - Date Field is clicked in page Airport Taxi Booking
2022-01-17 22:22:00,256  INFO [main] CarBookingRunner:14 - URL Opened
2022-01-17 22:22:01,794  INFO [main] CarBookingRunner:14 - Select sitemap Link is clicked in page Home Page
2022-01-17 22:22:04,527  INFO [main] CarBookingRunner:14 - Select cab Types Link is clicked in page sitemap page
2022-01-17 22:22:06,982  INFO [main] CarBookingRunner:14 - Successfully accessed cab types page
2022-01-17 22:22:12,424  INFO [main] CarBookingRunner:14 - URL Opened
2022-01-17 22:22:13,762  INFO [main] CarBookingRunner:14 - Contact Us page is clicked in page Home Page
2022-01-17 22:22:19,269  INFO [main] CarBookingRunner:14 - Contact Us page validated
2022-01-17 22:22:25,101  INFO [main] CarBookingRunner:14 - URL Opened
2022-01-17 22:22:26,615  INFO [main] CarBookingRunner:14 - Select Local City Tab is clicked in page Home Page
2022-01-17 22:22:27,787  INFO [main] CarBookingRunner:14 - Select City is send in page Home Page
2022-01-17 22:22:29,023  INFO [main] CarBookingRunner:14 - Date Field is clicked in page Local Car Booking
2022-01-17 22:22:39,921  INFO [main] CarBookingRunner:14 - URL Opened
2022-01-17 22:22:41,007  INFO [main] CarBookingRunner:14 - Source city is send in page Home Page
2022-01-17 22:22:41,952  INFO [main] CarBookingRunner:14 - Destination City is send in page Home Page
2022-01-17 22:22:43,153  INFO [main] CarBookingRunner:14 - Date Field is clicked in page Onw way Booking
2022-01-17 22:22:45,437  INFO [main] CarBookingRunner:14 - click on select car is clicked in page One way Booking
2022-01-17 22:22:45,672  INFO [main] CarBookingRunner:14 - Successfully opened one way booking page
2022-01-17 22:22:50,946  INFO [main] CarBookingRunner:14 - URL Opened
2022-01-17 22:22:52,230  INFO [main] CarBookingRunner:14 - Select Round Trip is clicked in page Home Page
2022-01-17 22:22:53,207  INFO [main] CarBookingRunner:14 - Source city is send in page Home Page
2022-01-17 22:22:54,360  INFO [main] CarBookingRunner:14 - Destination City is send in page Home Page
2022-01-17 22:22:55,600  INFO [main] CarBookingRunner:14 - Date Field is clicked in page Round Trip
2022-01-17 22:23:00,268  INFO [main] CarBookingRunner:14 - Date Field is clicked in page Round Trip
2022-01-17 22:23:05,131  INFO [main] CarBookingRunner:14 - click on select car is clicked in page RoundTrip Taxi Booking
2022-01-17 22:23:05,448  INFO [main] CarBookingRunner:14 - Successfully opened RoundTrip Taxi Booking Page
2022-01-17 22:23:12,853  INFO [main] CarBookingRunner:14 - URL Opened
2022-01-17 22:23:13,964  INFO [main] CarBookingRunner:14 - Travel Agent is clicked in page Home Page
2022-01-17 22:23:16,208  INFO [main] CarBookingRunner:14 - Register is clicked in page Travel Agent Page
2022-01-17 22:23:16,491  INFO [main] CarBookingRunner:14 - Successfully opened travel agent page
